> 1 instance(s) created
> 2 instance(s) created
> node created at :  ( x =    144.300, y =    -27.500)
> 3 instance(s) created
> node created at :  ( x =    144.300, y =     27.500)
> 4 instance(s) created
> node created at :  ( x =    138.600, y =    -27.500)
> 5 instance(s) created
> node created at :  ( x =    138.600, y =     27.500)
> 6 instance(s) created
> node created at :  ( x =    138.600, y =     -2.850)
> 7 instance(s) created
> node created at :  ( x =    138.600, y =      2.850)
> 8 instance(s) created
> node created at :  ( x =     50.000, y =     -2.850)
> 9 instance(s) created
> node created at :  ( x =     50.000, y =      2.850)
> 10 instance(s) created
> node created at :  ( x =     50.000, y =    -27.500)
> 11 instance(s) created
> node created at :  ( x =     50.000, y =     27.500)
> 12 instance(s) created
> node created at :  ( x =     44.300, y =    -27.500)
> 13 instance(s) created
> node created at :  ( x =     44.300, y =     27.500)
> 14 instance(s) created
> node created at :  ( x =     50.000, y =    -71.500)
> 15 instance(s) created
> node created at :  ( x =     50.000, y =    -77.500)
> 16 instance(s) created
> node created at :  ( x =     41.500, y =    -27.500)
> 17 instance(s) created
> node created at :  ( x =     41.500, y =    -71.500)
> 18 instance(s) created
> node created at :  ( x =     50.000, y =     71.500)
> 19 instance(s) created
> node created at :  ( x =     50.000, y =     77.500)
> 20 instance(s) created
> node created at :  ( x =     41.500, y =     27.500)
> 21 instance(s) created
> node created at :  ( x =     41.500, y =     71.500)
> 22 instance(s) created
> node created at :  ( x =    -41.500, y =     71.500)
> 23 instance(s) created
> node created at :  ( x =    -41.500, y =     27.500)
> 24 instance(s) created
> node created at :  ( x =    -50.000, y =     77.500)
> 25 instance(s) created
> node created at :  ( x =    -50.000, y =     71.500)
> 26 instance(s) created
> node created at :  ( x =    -50.000, y =     27.500)
> 27 instance(s) created
> node created at :  ( x =    -44.300, y =     27.500)
> 28 instance(s) created
> node created at :  ( x =    -44.300, y =    -27.500)
> 29 instance(s) created
> node created at :  ( x =    -41.500, y =    -27.500)
> 30 instance(s) created
> node created at :  ( x =    -41.500, y =    -71.500)
> 31 instance(s) created
> node created at :  ( x =    -50.000, y =    -27.500)
> 32 instance(s) created
> node created at :  ( x =    -50.000, y =    -71.500)
> 33 instance(s) created
> node created at :  ( x =    -50.000, y =    -77.500)
> 34 instance(s) created
> node created at :  ( x =    -50.000, y =     -2.850)
> 35 instance(s) created
> node created at :  ( x =    -50.000, y =      2.850)
> 36 instance(s) created
> node created at :  ( x =   -138.600, y =     -2.850)
> 37 instance(s) created
> node created at :  ( x =   -138.600, y =      2.850)
> 38 instance(s) created
> node created at :  ( x =   -138.600, y =    -27.500)
> 39 instance(s) created
> node created at :  ( x =   -138.600, y =     27.500)
> 40 instance(s) created
> node created at :  ( x =   -144.300, y =     27.500)
> 41 instance(s) created
> node created at :  ( x =   -144.300, y =    -27.500)
> 42 instance(s) created
> node created at :  ( x =   -141.450, y =     71.950)
> 43 instance(s) created
> node created at :  ( x =   -141.450, y =     27.500)
> 44 instance(s) created
> node created at :  ( x =   -141.450, y =    116.400)
> 45 instance(s) created
> node created at :  ( x =   -183.000, y =     71.950)
> 46 instance(s) created
> node created at :  ( x =    -99.900, y =     71.950)
> 47 instance(s) created
> node created at :  ( x =    141.450, y =     27.500)
> 48 instance(s) created
> node created at :  ( x =    141.450, y =     27.500)
> 49 instance(s) created
> node created at :  ( x =    141.450, y =    116.400)
> 50 instance(s) created
> node created at :  ( x =    183.000, y =     71.950)
> 51 instance(s) created
> node created at :  ( x =     99.900, y =     71.950)
> 52 instance(s) created
element 1 created type : rectangle .
> 53 instance(s) created
element 2 created type : rectangle .
> 54 instance(s) created
element 3 created type : rectangle .
> 55 instance(s) created
element 4 created type : rectangle .
> 56 instance(s) created
element 5 created type : rectangle .
> 57 instance(s) created
element 6 created type : rectangle .
> 58 instance(s) created
element 7 created type : rectangle .
> 59 instance(s) created
element 8 created type : rectangle .
> 60 instance(s) created
element 9 created type : rectangle .
> 61 instance(s) created
element 10 created type : rectangle .
> 62 instance(s) created
element 11 created type : rectangle .
> 63 instance(s) created
element 12 created type : rectangle .
> 64 instance(s) created
element 13 created type : circular tube .
> 65 instance(s) created
element 14 created type : circular tube .

Profile name................................: Profile1
Length of I profile...........................:     100.00 mm
Width of I profile............................:      55.00 mm
Avg. Thickness of I profile...................:       5.70 mm

Length of U profile...........................:     100.00 mm
Width of U profile............................:      50.00 mm
Side wall Thickness of U profile..............:       8.50 mm
Cross wall Thickness of U profile.............:       6.00 mm

Inner diameter of tube profile................:      83.10 mm
Thickness of tube profile.....................:       2.90 mm
Profile 'Profile1' (node space: 50, element space: 14)
> node coordinates   ( x =    144.300, y =    -27.500)
> node coordinates   ( x =    144.300, y =     27.500)
> node coordinates   ( x =    138.600, y =    -27.500)
> node coordinates   ( x =    138.600, y =     27.500)
> node coordinates   ( x =    138.600, y =     -2.850)
> node coordinates   ( x =    138.600, y =      2.850)
> node coordinates   ( x =     50.000, y =     -2.850)
> node coordinates   ( x =     50.000, y =      2.850)
> node coordinates   ( x =     50.000, y =    -27.500)
> node coordinates   ( x =     50.000, y =     27.500)
> node coordinates   ( x =     44.300, y =    -27.500)
> node coordinates   ( x =     44.300, y =     27.500)
> node coordinates   ( x =     50.000, y =    -71.500)
> node coordinates   ( x =     50.000, y =    -77.500)
> node coordinates   ( x =     41.500, y =    -27.500)
> node coordinates   ( x =     41.500, y =    -71.500)
> node coordinates   ( x =     50.000, y =     71.500)
> node coordinates   ( x =     50.000, y =     77.500)
> node coordinates   ( x =     41.500, y =     27.500)
> node coordinates   ( x =     41.500, y =     71.500)
> node coordinates   ( x =    -41.500, y =     71.500)
> node coordinates   ( x =    -41.500, y =     27.500)
> node coordinates   ( x =    -50.000, y =     77.500)
> node coordinates   ( x =    -50.000, y =     71.500)
> node coordinates   ( x =    -50.000, y =     27.500)
> node coordinates   ( x =    -44.300, y =     27.500)
> node coordinates   ( x =    -44.300, y =    -27.500)
> node coordinates   ( x =    -41.500, y =    -27.500)
> node coordinates   ( x =    -41.500, y =    -71.500)
> node coordinates   ( x =    -50.000, y =    -27.500)
> node coordinates   ( x =    -50.000, y =    -71.500)
> node coordinates   ( x =    -50.000, y =    -77.500)
> node coordinates   ( x =    -50.000, y =     -2.850)
> node coordinates   ( x =    -50.000, y =      2.850)
> node coordinates   ( x =   -138.600, y =     -2.850)
> node coordinates   ( x =   -138.600, y =      2.850)
> node coordinates   ( x =   -138.600, y =    -27.500)
> node coordinates   ( x =   -138.600, y =     27.500)
> node coordinates   ( x =   -144.300, y =     27.500)
> node coordinates   ( x =   -144.300, y =    -27.500)
> node coordinates   ( x =   -141.450, y =     71.950)
> node coordinates   ( x =   -141.450, y =     27.500)
> node coordinates   ( x =   -141.450, y =    116.400)
> node coordinates   ( x =   -183.000, y =     71.950)
> node coordinates   ( x =    -99.900, y =     71.950)
> node coordinates   ( x =    141.450, y =     27.500)
> node coordinates   ( x =    141.450, y =     27.500)
> node coordinates   ( x =    141.450, y =    116.400)
> node coordinates   ( x =    183.000, y =     71.950)
> node coordinates   ( x =     99.900, y =     71.950)
element  1, t =       5.70, 4 nodes
> node coordinates   ( x =    144.300, y =    -27.500)
> node coordinates   ( x =    144.300, y =     27.500)
> node coordinates   ( x =    138.600, y =    -27.500)
> node coordinates   ( x =    138.600, y =     27.500)
  Length...................:    5.500e+01 mm
  Area.....................:    3.135e+02 mm^2
  Static moment x..........:    0.000e+00 mm^3
  Static moment y..........:    4.434e+04 mm^3
  Ixx......................:    9.483e+05 mm^4
  Iyy......................:    1.019e+04 mm^4
  Ixy......................:    0.000e+00 mm^4
element  2, t =       5.70, 4 nodes
> node coordinates   ( x =    138.600, y =     -2.850)
> node coordinates   ( x =    138.600, y =      2.850)
> node coordinates   ( x =     50.000, y =     -2.850)
> node coordinates   ( x =     50.000, y =      2.850)
  Length...................:    8.860e+01 mm
  Area.....................:    5.050e+02 mm^2
  Static moment x..........:    0.000e+00 mm^3
  Static moment y..........:    4.762e+04 mm^3
  Ixx......................:    1.641e+04 mm^4
  Iyy......................:    3.964e+06 mm^4
  Ixy......................:    0.000e+00 mm^4
element  3, t =       5.70, 4 nodes
> node coordinates   ( x =     50.000, y =    -27.500)
> node coordinates   ( x =     50.000, y =     27.500)
> node coordinates   ( x =     44.300, y =    -27.500)
> node coordinates   ( x =     44.300, y =     27.500)
  Length...................:    5.500e+01 mm
  Area.....................:    3.135e+02 mm^2
  Static moment x..........:    0.000e+00 mm^3
  Static moment y..........:    1.478e+04 mm^3
  Ixx......................:    9.483e+05 mm^4
  Iyy......................:    1.019e+04 mm^4
  Ixy......................:    0.000e+00 mm^4
element  4, t =       8.50, 4 nodes
> node coordinates   ( x =     50.000, y =     27.500)
> node coordinates   ( x =     50.000, y =     71.500)
> node coordinates   ( x =     41.500, y =     27.500)
> node coordinates   ( x =     41.500, y =     71.500)
  Length...................:    4.400e+01 mm
  Area.....................:    3.740e+02 mm^2
  Static moment x..........:    1.851e+04 mm^3
  Static moment y..........:    1.711e+04 mm^3
  Ixx......................:    7.241e+05 mm^4
  Iyy......................:    2.702e+04 mm^4
  Ixy......................:    8.470e+05 mm^4
element  5, t =       6.00, 4 nodes
> node coordinates   ( x =     50.000, y =     71.500)
> node coordinates   ( x =     50.000, y =     77.500)
> node coordinates   ( x =    -50.000, y =     71.500)
> node coordinates   ( x =    -50.000, y =     77.500)
  Length...................:    1.000e+02 mm
  Area.....................:    6.000e+02 mm^2
  Static moment x..........:    4.470e+04 mm^3
  Static moment y..........:    0.000e+00 mm^3
  Ixx......................:    2.160e+04 mm^4
  Iyy......................:    6.000e+06 mm^4
  Ixy......................:    0.000e+00 mm^4
element  6, t =       8.50, 4 nodes
> node coordinates   ( x =    -41.500, y =     27.500)
> node coordinates   ( x =    -41.500, y =     71.500)
> node coordinates   ( x =    -50.000, y =     27.500)
> node coordinates   ( x =    -50.000, y =     71.500)
  Length...................:    4.400e+01 mm
  Area.....................:    3.740e+02 mm^2
  Static moment x..........:    1.851e+04 mm^3
  Static moment y..........:   -1.711e+04 mm^3
  Ixx......................:    7.241e+05 mm^4
  Iyy......................:    2.702e+04 mm^4
  Ixy......................:   -8.470e+05 mm^4
element  7, t =       8.50, 4 nodes
> node coordinates   ( x =     50.000, y =    -71.500)
> node coordinates   ( x =     50.000, y =    -27.500)
> node coordinates   ( x =     41.500, y =    -71.500)
> node coordinates   ( x =     41.500, y =    -27.500)
  Length...................:    4.400e+01 mm
  Area.....................:    3.740e+02 mm^2
  Static moment x..........:   -1.851e+04 mm^3
  Static moment y..........:    1.711e+04 mm^3
  Ixx......................:    7.241e+05 mm^4
  Iyy......................:    2.702e+04 mm^4
  Ixy......................:   -8.470e+05 mm^4
element  8, t =       6.00, 4 nodes
> node coordinates   ( x =     50.000, y =    -77.500)
> node coordinates   ( x =     50.000, y =    -71.500)
> node coordinates   ( x =    -50.000, y =    -77.500)
> node coordinates   ( x =    -50.000, y =    -71.500)
  Length...................:    1.000e+02 mm
  Area.....................:    6.000e+02 mm^2
  Static moment x..........:   -4.470e+04 mm^3
  Static moment y..........:    0.000e+00 mm^3
  Ixx......................:    2.160e+04 mm^4
  Iyy......................:    6.000e+06 mm^4
  Ixy......................:    0.000e+00 mm^4
element  9, t =       8.50, 4 nodes
> node coordinates   ( x =    -41.500, y =    -71.500)
> node coordinates   ( x =    -41.500, y =    -27.500)
> node coordinates   ( x =    -50.000, y =    -71.500)
> node coordinates   ( x =    -50.000, y =    -27.500)
  Length...................:    4.400e+01 mm
  Area.....................:    3.740e+02 mm^2
  Static moment x..........:   -1.851e+04 mm^3
  Static moment y..........:   -1.711e+04 mm^3
  Ixx......................:    7.241e+05 mm^4
  Iyy......................:    2.702e+04 mm^4
  Ixy......................:    8.470e+05 mm^4
element 10, t =       5.70, 4 nodes
> node coordinates   ( x =    -44.300, y =    -27.500)
> node coordinates   ( x =    -44.300, y =     27.500)
> node coordinates   ( x =    -50.000, y =    -27.500)
> node coordinates   ( x =    -50.000, y =     27.500)
  Length...................:    5.500e+01 mm
  Area.....................:    3.135e+02 mm^2
  Static moment x..........:    0.000e+00 mm^3
  Static moment y..........:   -1.478e+04 mm^3
  Ixx......................:    9.483e+05 mm^4
  Iyy......................:    1.019e+04 mm^4
  Ixy......................:    0.000e+00 mm^4
element 11, t =       5.70, 4 nodes
> node coordinates   ( x =    -50.000, y =     -2.850)
> node coordinates   ( x =    -50.000, y =      2.850)
> node coordinates   ( x =   -138.600, y =     -2.850)
> node coordinates   ( x =   -138.600, y =      2.850)
  Length...................:    8.860e+01 mm
  Area.....................:    5.050e+02 mm^2
  Static moment x..........:    0.000e+00 mm^3
  Static moment y..........:   -4.762e+04 mm^3
  Ixx......................:    1.641e+04 mm^4
  Iyy......................:    3.964e+06 mm^4
  Ixy......................:    0.000e+00 mm^4
element 12, t =       5.70, 4 nodes
> node coordinates   ( x =   -138.600, y =    -27.500)
> node coordinates   ( x =   -138.600, y =     27.500)
> node coordinates   ( x =   -144.300, y =    -27.500)
> node coordinates   ( x =   -144.300, y =     27.500)
  Length...................:    5.500e+01 mm
  Area.....................:    3.135e+02 mm^2
  Static moment x..........:    0.000e+00 mm^3
  Static moment y..........:   -4.434e+04 mm^3
  Ixx......................:    9.483e+05 mm^4
  Iyy......................:    1.019e+04 mm^4
  Ixy......................:    0.000e+00 mm^4
element 13, t =       2.90, 5 nodes
> node coordinates   ( x =   -141.450, y =     71.950)
> node coordinates   ( x =   -141.450, y =     27.500)
> node coordinates   ( x =   -141.450, y =    116.400)
> node coordinates   ( x =   -183.000, y =     71.950)
> node coordinates   ( x =    -99.900, y =     71.950)
  Inner diameter...........:    8.310e+01 mm
  Outer diameter...........:    8.890e+01 mm
  Area.....................:    7.835e+02 mm^2
  Static moment x..........:    5.637e+04 mm^3
  Static moment y..........:   -1.108e+05 mm^3
  Ixx......................:    7.252e+05 mm^4
  Iyy......................:    7.252e+05 mm^4
  Ixy......................:    0.000e+00 mm^4
element 14, t =       2.90, 5 nodes
> node coordinates   ( x =    141.450, y =     27.500)
> node coordinates   ( x =    141.450, y =     27.500)
> node coordinates   ( x =    141.450, y =    116.400)
> node coordinates   ( x =    183.000, y =     71.950)
> node coordinates   ( x =     99.900, y =     71.950)
  Inner diameter...........:    8.310e+01 mm
  Outer diameter...........:    8.890e+01 mm
  Area.....................:    7.835e+02 mm^2
  Static moment x..........:    2.155e+04 mm^3
  Static moment y..........:    1.108e+05 mm^3
  Ixx......................:    7.252e+05 mm^4
  Iyy......................:    7.252e+05 mm^4
  Ixy......................:    0.000e+00 mm^4
Section values:
 Area.................:    6527.07 mm^2
 Static moment x......:   77920.32 mm^3
 Static moment y......:       0.00 mm^3
 Centroid x...........:        0.0 mm
 Centroid y...........:       11.9 mm
Moment of inertia in user coordinates:
 Ix...................: 8215984.23 mm^4
 Iy...................: 21527964.09 mm^4
 Ixy..................:       0.00 mm^4
Moment of inertia in centroid coordinates:
 Ix...................: 7285768.80 mm^4
 Iy...................: 21527964.09 mm^4
 Ixy..................:       0.00 mm^4
Moment of intertia in main coordinates:
 Ieta.................: 21527964.09 mm^4
 Izeta................: 7285768.80 mm^4
 alpha................:      90.00 °
> 64 instance(s) available
